# JRE version: Java(TM) SE Runtime Environment (8.0_211-b12) (build 1.8.0_211-b12)
# Java VM: Java HotSpot(TM) 64-Bit Server VM (25.211-b12 mixed mode windows-amd64 compressed oops)
Heap:
 PSYoungGen      total 121344K, used 24674K [0x00000000d5d80000, 0x00000000def00000, 0x0000000100000000)
  eden space 113664K, 14% used [0x00000000d5d80000,0x00000000d6e261b0,0x00000000dcc80000)
  from space 7680K, 99% used [0x00000000de780000,0x00000000deef29f0,0x00000000def00000)
  to   space 8704K, 0% used [0x00000000dde00000,0x00000000dde00000,0x00000000de680000)
 ParOldGen       total 53248K, used 6168K [0x0000000081800000, 0x0000000084c00000, 0x00000000d5d80000)
  object space 53248K, 11% used [0x0000000081800000,0x0000000081e060e8,0x0000000084c00000)
 Metaspace       used 23655K, capacity 25176K, committed 25472K, reserved 1071104K
  class space    used 3088K, capacity 3362K, committed 3456K, reserved 1048576K
GC Heap History (10 events):
Event: 5.024 GC heap before
{Heap before GC invocations=3 (full 0):
 PSYoungGen      total 38400K, used 38394K [0x00000000d5d80000, 0x00000000da880000, 0x0000000100000000)
  eden space 33280K, 100% used [0x00000000d5d80000,0x00000000d7e00000,0x00000000d7e00000)
  from space 5120K, 99% used [0x00000000d8300000,0x00000000d87feb78,0x00000000d8800000)
  to   space 5120K, 0% used [0x00000000d7e00000,0x00000000d7e00000,0x00000000d8300000)
 ParOldGen       total 87552K, used 285K [0x0000000081800000, 0x0000000086d80000, 0x00000000d5d80000)
  object space 87552K, 0% used [0x0000000081800000,0x0000000081847480,0x0000000086d80000)
 Metaspace       used 14822K, capacity 15974K, committed 16256K, reserved 1062912K
  class space    used 1899K, capacity 2135K, committed 2176K, reserved 1048576K
Event: 5.039 GC heap after
Heap after GC invocations=3 (full 0):
 PSYoungGen      total 38400K, used 5113K [0x00000000d5d80000, 0x00000000da880000, 0x0000000100000000)
  eden space 33280K, 0% used [0x00000000d5d80000,0x00000000d5d80000,0x00000000d7e00000)
  from space 5120K, 99% used [0x00000000d7e00000,0x00000000d82fe418,0x00000000d8300000)
  to   space 5120K, 0% used [0x00000000da380000,0x00000000da380000,0x00000000da880000)
 ParOldGen       total 87552K, used 928K [0x0000000081800000, 0x0000000086d80000, 0x00000000d5d80000)
  object space 87552K, 1% used [0x0000000081800000,0x00000000818e82a0,0x0000000086d80000)
 Metaspace       used 14822K, capacity 15974K, committed 16256K, reserved 1062912K
  class space    used 1899K, capacity 2135K, committed 2176K, reserved 1048576K
}
Event: 5.964 GC heap before
{Heap before GC invocations=4 (full 0):
 PSYoungGen      total 38400K, used 38393K [0x00000000d5d80000, 0x00000000da880000, 0x0000000100000000)
  eden space 33280K, 100% used [0x00000000d5d80000,0x00000000d7e00000,0x00000000d7e00000)
  from space 5120K, 99% used [0x00000000d7e00000,0x00000000d82fe418,0x00000000d8300000)
  to   space 5120K, 0% used [0x00000000da380000,0x00000000da380000,0x00000000da880000)
 ParOldGen       total 87552K, used 928K [0x0000000081800000, 0x0000000086d80000, 0x00000000d5d80000)
  object space 87552K, 1% used [0x0000000081800000,0x00000000818e82a0,0x0000000086d80000)
 Metaspace       used 18272K, capacity 19554K, committed 19840K, reserved 1067008K
  class space    used 2365K, capacity 2625K, committed 2688K, reserved 1048576K
Event: 5.984 GC heap after
Heap after GC invocations=4 (full 0):
 PSYoungGen      total 71680K, used 5101K [0x00000000d5d80000, 0x00000000da880000, 0x0000000100000000)
  eden space 66560K, 0% used [0x00000000d5d80000,0x00000000d5d80000,0x00000000d9e80000)
  from space 5120K, 99% used [0x00000000da380000,0x00000000da87b6e8,0x00000000da880000)
  to   space 5120K, 0% used [0x00000000d9e80000,0x00000000d9e80000,0x00000000da380000)
 ParOldGen       total 87552K, used 3196K [0x0000000081800000, 0x0000000086d80000, 0x00000000d5d80000)
  object space 87552K, 3% used [0x0000000081800000,0x0000000081b1f3b0,0x0000000086d80000)
 Metaspace       used 18272K, capacity 19554K, committed 19840K, reserved 1067008K
  class space    used 2365K, capacity 2625K, committed 2688K, reserved 1048576K
}
Event: 6.607 GC heap before
{Heap before GC invocations=5 (full 0):
 PSYoungGen      total 71680K, used 20406K [0x00000000d5d80000, 0x00000000da880000, 0x0000000100000000)
  eden space 66560K, 22% used [0x00000000d5d80000,0x00000000d6c721c0,0x00000000d9e80000)
  from space 5120K, 99% used [0x00000000da380000,0x00000000da87b6e8,0x00000000da880000)
  to   space 5120K, 0% used [0x00000000d9e80000,0x00000000d9e80000,0x00000000da380000)
 ParOldGen       total 87552K, used 3196K [0x0000000081800000, 0x0000000086d80000, 0x00000000d5d80000)
  object space 87552K, 3% used [0x0000000081800000,0x0000000081b1f3b0,0x0000000086d80000)
 Metaspace       used 19915K, capacity 21226K, committed 21248K, reserved 1067008K
  class space    used 2567K, capacity 2813K, committed 2816K, reserved 1048576K
Event: 6.618 GC heap after
Heap after GC invocations=5 (full 0):
 PSYoungGen      total 71680K, used 5103K [0x00000000d5d80000, 0x00000000def80000, 0x0000000100000000)
  eden space 66560K, 0% used [0x00000000d5d80000,0x00000000d5d80000,0x00000000d9e80000)
  from space 5120K, 99% used [0x00000000d9e80000,0x00000000da37be60,0x00000000da380000)
  to   space 8192K, 0% used [0x00000000de780000,0x00000000de780000,0x00000000def80000)
 ParOldGen       total 87552K, used 4483K [0x0000000081800000, 0x0000000086d80000, 0x00000000d5d80000)
  object space 87552K, 5% used [0x0000000081800000,0x0000000081c60fb8,0x0000000086d80000)
 Metaspace       used 19915K, capacity 21226K, committed 21248K, reserved 1067008K
  class space    used 2567K, capacity 2813K, committed 2816K, reserved 1048576K
}
Event: 6.618 GC heap before
{Heap before GC invocations=6 (full 1):
 PSYoungGen      total 71680K, used 5103K [0x00000000d5d80000, 0x00000000def80000, 0x0000000100000000)
  eden space 66560K, 0% used [0x00000000d5d80000,0x00000000d5d80000,0x00000000d9e80000)
  from space 5120K, 99% used [0x00000000d9e80000,0x00000000da37be60,0x00000000da380000)
  to   space 8192K, 0% used [0x00000000de780000,0x00000000de780000,0x00000000def80000)
 ParOldGen       total 87552K, used 4483K [0x0000000081800000, 0x0000000086d80000, 0x00000000d5d80000)
  object space 87552K, 5% used [0x0000000081800000,0x0000000081c60fb8,0x0000000086d80000)
 Metaspace       used 19915K, capacity 21226K, committed 21248K, reserved 1067008K
  class space    used 2567K, capacity 2813K, committed 2816K, reserved 1048576K
Event: 6.671 GC heap after
Heap after GC invocations=6 (full 1):
 PSYoungGen      total 71680K, used 0K [0x00000000d5d80000, 0x00000000def80000, 0x0000000100000000)
  eden space 66560K, 0% used [0x00000000d5d80000,0x00000000d5d80000,0x00000000d9e80000)
  from space 5120K, 0% used [0x00000000d9e80000,0x00000000d9e80000,0x00000000da380000)
  to   space 8192K, 0% used [0x00000000de780000,0x00000000de780000,0x00000000def80000)
 ParOldGen       total 53248K, used 6168K [0x0000000081800000, 0x0000000084c00000, 0x00000000d5d80000)
  object space 53248K, 11% used [0x0000000081800000,0x0000000081e060e8,0x0000000084c00000)
 Metaspace       used 19915K, capacity 21226K, committed 21248K, reserved 1067008K
  class space    used 2567K, capacity 2813K, committed 2816K, reserved 1048576K
}
Event: 10.383 GC heap before
{Heap before GC invocations=7 (full 1):
 PSYoungGen      total 71680K, used 66560K [0x00000000d5d80000, 0x00000000def80000, 0x0000000100000000)
  eden space 66560K, 100% used [0x00000000d5d80000,0x00000000d9e80000,0x00000000d9e80000)
  from space 5120K, 0% used [0x00000000d9e80000,0x00000000d9e80000,0x00000000da380000)
  to   space 8192K, 0% used [0x00000000de780000,0x00000000de780000,0x00000000def80000)
 ParOldGen       total 53248K, used 6168K [0x0000000081800000, 0x0000000084c00000, 0x00000000d5d80000)
  object space 53248K, 11% used [0x0000000081800000,0x0000000081e060e8,0x0000000084c00000)
 Metaspace       used 22968K, capacity 24408K, committed 24576K, reserved 1071104K
  class space    used 2988K, capacity 3262K, committed 3328K, reserved 1048576K
Event: 10.483 GC heap after
Heap after GC invocations=7 (full 1):
 PSYoungGen      total 121344K, used 7626K [0x00000000d5d80000, 0x00000000def00000, 0x0000000100000000)
  eden space 113664K, 0% used [0x00000000d5d80000,0x00000000d5d80000,0x00000000dcc80000)
  from space 7680K, 99% used [0x00000000de780000,0x00000000deef29f0,0x00000000def00000)
  to   space 8704K, 0% used [0x00000000dde00000,0x00000000dde00000,0x00000000de680000)
 ParOldGen       total 53248K, used 6168K [0x0000000081800000, 0x0000000084c00000, 0x00000000d5d80000)
  object space 53248K, 11% used [0x0000000081800000,0x0000000081e060e8,0x0000000084c00000)
 Metaspace       used 22968K, capacity 24408K, committed 24576K, reserved 1071104K
  class space    used 2988K, capacity 3262K, committed 3328K, reserved 1048576K
}

