# JRE version: Java(TM) SE Runtime Environment (8.0_211-b12) (build 1.8.0_211-b12)
# Java VM: Java HotSpot(TM) 64-Bit Server VM (25.211-b12 mixed mode windows-amd64 compressed oops)
Heap:
 PSYoungGen      total 38400K, used 5278K [0x00000000d5d80000, 0x00000000d9d80000, 0x0000000100000000)
  eden space 30208K, 3% used [0x00000000d5d80000,0x00000000d5e897f8,0x00000000d7b00000)
  from space 8192K, 57% used [0x00000000d9580000,0x00000000d9a22cc8,0x00000000d9d80000)
  to   space 8192K, 0% used [0x00000000d7b00000,0x00000000d7b00000,0x00000000d8300000)
 ParOldGen       total 52736K, used 6213K [0x0000000081800000, 0x0000000084b80000, 0x00000000d5d80000)
  object space 52736K, 11% used [0x0000000081800000,0x0000000081e116c8,0x0000000084b80000)
 Metaspace       used 23835K, capacity 25402K, committed 25472K, reserved 1071104K
  class space    used 3106K, capacity 3401K, committed 3456K, reserved 1048576K
GC Heap History (10 events):
Event: 4.922 GC heap before
{Heap before GC invocations=5 (full 0):
 PSYoungGen      total 38400K, used 20590K [0x00000000d5d80000, 0x00000000d8800000, 0x0000000100000000)
  eden space 33280K, 46% used [0x00000000d5d80000,0x00000000d6ca3650,0x00000000d7e00000)
  from space 5120K, 99% used [0x00000000d8300000,0x00000000d87f8208,0x00000000d8800000)
  to   space 5120K, 0% used [0x00000000d7e00000,0x00000000d7e00000,0x00000000d8300000)
 ParOldGen       total 87552K, used 3235K [0x0000000081800000, 0x0000000086d80000, 0x00000000d5d80000)
  object space 87552K, 3% used [0x0000000081800000,0x0000000081b28ee0,0x0000000086d80000)
 Metaspace       used 19901K, capacity 21182K, committed 21248K, reserved 1067008K
  class space    used 2555K, capacity 2803K, committed 2816K, reserved 1048576K
Event: 4.932 GC heap after
Heap after GC invocations=5 (full 0):
 PSYoungGen      total 38400K, used 5105K [0x00000000d5d80000, 0x00000000d8800000, 0x0000000100000000)
  eden space 33280K, 0% used [0x00000000d5d80000,0x00000000d5d80000,0x00000000d7e00000)
  from space 5120K, 99% used [0x00000000d7e00000,0x00000000d82fc438,0x00000000d8300000)
  to   space 5120K, 0% used [0x00000000d8300000,0x00000000d8300000,0x00000000d8800000)
 ParOldGen       total 87552K, used 4465K [0x0000000081800000, 0x0000000086d80000, 0x00000000d5d80000)
  object space 87552K, 5% used [0x0000000081800000,0x0000000081c5c420,0x0000000086d80000)
 Metaspace       used 19901K, capacity 21182K, committed 21248K, reserved 1067008K
  class space    used 2555K, capacity 2803K, committed 2816K, reserved 1048576K
}
Event: 4.932 GC heap before
{Heap before GC invocations=6 (full 1):
 PSYoungGen      total 38400K, used 5105K [0x00000000d5d80000, 0x00000000d8800000, 0x0000000100000000)
  eden space 33280K, 0% used [0x00000000d5d80000,0x00000000d5d80000,0x00000000d7e00000)
  from space 5120K, 99% used [0x00000000d7e00000,0x00000000d82fc438,0x00000000d8300000)
  to   space 5120K, 0% used [0x00000000d8300000,0x00000000d8300000,0x00000000d8800000)
 ParOldGen       total 87552K, used 4465K [0x0000000081800000, 0x0000000086d80000, 0x00000000d5d80000)
  object space 87552K, 5% used [0x0000000081800000,0x0000000081c5c420,0x0000000086d80000)
 Metaspace       used 19901K, capacity 21182K, committed 21248K, reserved 1067008K
  class space    used 2555K, capacity 2803K, committed 2816K, reserved 1048576K
Event: 4.984 GC heap after
Heap after GC invocations=6 (full 1):
 PSYoungGen      total 38400K, used 0K [0x00000000d5d80000, 0x00000000d8800000, 0x0000000100000000)
  eden space 33280K, 0% used [0x00000000d5d80000,0x00000000d5d80000,0x00000000d7e00000)
  from space 5120K, 0% used [0x00000000d7e00000,0x00000000d7e00000,0x00000000d8300000)
  to   space 5120K, 0% used [0x00000000d8300000,0x00000000d8300000,0x00000000d8800000)
 ParOldGen       total 52736K, used 6197K [0x0000000081800000, 0x0000000084b80000, 0x00000000d5d80000)
  object space 52736K, 11% used [0x0000000081800000,0x0000000081e0d6c8,0x0000000084b80000)
 Metaspace       used 19901K, capacity 21182K, committed 21248K, reserved 1067008K
  class space    used 2555K, capacity 2803K, committed 2816K, reserved 1048576K
}
Event: 5.867 GC heap before
{Heap before GC invocations=7 (full 1):
 PSYoungGen      total 38400K, used 33280K [0x00000000d5d80000, 0x00000000d8800000, 0x0000000100000000)
  eden space 33280K, 100% used [0x00000000d5d80000,0x00000000d7e00000,0x00000000d7e00000)
  from space 5120K, 0% used [0x00000000d7e00000,0x00000000d7e00000,0x00000000d8300000)
  to   space 5120K, 0% used [0x00000000d8300000,0x00000000d8300000,0x00000000d8800000)
 ParOldGen       total 52736K, used 6197K [0x0000000081800000, 0x0000000084b80000, 0x00000000d5d80000)
  object space 52736K, 11% used [0x0000000081800000,0x0000000081e0d6c8,0x0000000084b80000)
 Metaspace       used 22101K, capacity 23518K, committed 23680K, reserved 1069056K
  class space    used 2884K, capacity 3171K, committed 3200K, reserved 1048576K
Event: 5.875 GC heap after
Heap after GC invocations=7 (full 1):
 PSYoungGen      total 35328K, used 3912K [0x00000000d5d80000, 0x00000000da300000, 0x0000000100000000)
  eden space 30208K, 0% used [0x00000000d5d80000,0x00000000d5d80000,0x00000000d7b00000)
  from space 5120K, 76% used [0x00000000d8300000,0x00000000d86d2318,0x00000000d8800000)
  to   space 8192K, 0% used [0x00000000d7b00000,0x00000000d7b00000,0x00000000d8300000)
 ParOldGen       total 52736K, used 6197K [0x0000000081800000, 0x0000000084b80000, 0x00000000d5d80000)
  object space 52736K, 11% used [0x0000000081800000,0x0000000081e0d6c8,0x0000000084b80000)
 Metaspace       used 22101K, capacity 23518K, committed 23680K, reserved 1069056K
  class space    used 2884K, capacity 3171K, committed 3200K, reserved 1048576K
}
Event: 6.409 GC heap before
{Heap before GC invocations=8 (full 1):
 PSYoungGen      total 35328K, used 34120K [0x00000000d5d80000, 0x00000000da300000, 0x0000000100000000)
  eden space 30208K, 100% used [0x00000000d5d80000,0x00000000d7b00000,0x00000000d7b00000)
  from space 5120K, 76% used [0x00000000d8300000,0x00000000d86d2318,0x00000000d8800000)
  to   space 8192K, 0% used [0x00000000d7b00000,0x00000000d7b00000,0x00000000d8300000)
 ParOldGen       total 52736K, used 6197K [0x0000000081800000, 0x0000000084b80000, 0x00000000d5d80000)
  object space 52736K, 11% used [0x0000000081800000,0x0000000081e0d6c8,0x0000000084b80000)
 Metaspace       used 22879K, capacity 24298K, committed 24576K, reserved 1071104K
  class space    used 2972K, capacity 3249K, committed 3328K, reserved 1048576K
Event: 6.415 GC heap after
Heap after GC invocations=8 (full 1):
 PSYoungGen      total 38400K, used 4488K [0x00000000d5d80000, 0x00000000d9d80000, 0x0000000100000000)
  eden space 30208K, 0% used [0x00000000d5d80000,0x00000000d5d80000,0x00000000d7b00000)
  from space 8192K, 54% used [0x00000000d7b00000,0x00000000d7f62048,0x00000000d8300000)
  to   space 8192K, 0% used [0x00000000d9580000,0x00000000d9580000,0x00000000d9d80000)
 ParOldGen       total 52736K, used 6205K [0x0000000081800000, 0x0000000084b80000, 0x00000000d5d80000)
  object space 52736K, 11% used [0x0000000081800000,0x0000000081e0f6c8,0x0000000084b80000)
 Metaspace       used 22879K, capacity 24298K, committed 24576K, reserved 1071104K
  class space    used 2972K, capacity 3249K, committed 3328K, reserved 1048576K
}
Event: 6.902 GC heap before
{Heap before GC invocations=9 (full 1):
 PSYoungGen      total 38400K, used 34696K [0x00000000d5d80000, 0x00000000d9d80000, 0x0000000100000000)
  eden space 30208K, 100% used [0x00000000d5d80000,0x00000000d7b00000,0x00000000d7b00000)
  from space 8192K, 54% used [0x00000000d7b00000,0x00000000d7f62048,0x00000000d8300000)
  to   space 8192K, 0% used [0x00000000d9580000,0x00000000d9580000,0x00000000d9d80000)
 ParOldGen       total 52736K, used 6205K [0x0000000081800000, 0x0000000084b80000, 0x00000000d5d80000)
  object space 52736K, 11% used [0x0000000081800000,0x0000000081e0f6c8,0x0000000084b80000)
 Metaspace       used 23808K, capacity 25338K, committed 25472K, reserved 1071104K
  class space    used 3102K, capacity 3401K, committed 3456K, reserved 1048576K
Event: 6.920 GC heap after
Heap after GC invocations=9 (full 1):
 PSYoungGen      total 38400K, used 4747K [0x00000000d5d80000, 0x00000000d9d80000, 0x0000000100000000)
  eden space 30208K, 0% used [0x00000000d5d80000,0x00000000d5d80000,0x00000000d7b00000)
  from space 8192K, 57% used [0x00000000d9580000,0x00000000d9a22cc8,0x00000000d9d80000)
  to   space 8192K, 0% used [0x00000000d7b00000,0x00000000d7b00000,0x00000000d8300000)
 ParOldGen       total 52736K, used 6213K [0x0000000081800000, 0x0000000084b80000, 0x00000000d5d80000)
  object space 52736K, 11% used [0x0000000081800000,0x0000000081e116c8,0x0000000084b80000)
 Metaspace       used 23808K, capacity 25338K, committed 25472K, reserved 1071104K
  class space    used 3102K, capacity 3401K, committed 3456K, reserved 1048576K
}

